<?xml version="1.0" encoding="UTF-8"?>
<testsuite name="me.nathan.book.springboot.web.dto.HelloResponseDtoTest" tests="1" skipped="0" failures="0" errors="0" timestamp="2020-02-04T11:09:15" hostname="hongnadan-ui-MacBookPro.local" time="0.04">
  <properties/>
  <testcase name="testLombokFunction" classname="me.nathan.book.springboot.web.dto.HelloResponseDtoTest" time="0.04"/>
  <system-out><![CDATA[]]></system-out>
  <system-err><![CDATA[]]></system-err>
</testsuite>
